retval: 0
current token: 16
retval: 0
current token: 16
imul	0x16300c0, 0x16300d0, 0x162b8a0
add	0x16300b0, 0x162b8a0, 0x162b860
sub	0x162b860, 0x16300e0, 0x162b8e0
imul	0x16300f0, 0x1630100, 0x162b960
idiv	0x162b960, 0x1630110, 0x162b9a0
add	0x162b8e0, 0x162b9a0, 0x162b920
mov	0x162b920, (nil), 0x162b730
eql	0x1630120, 0x1630130, 0x162bb10
not	0x162bb10, (nil), 0x162bb30
add	0x1630140, 0x1630150, 0x162bc40
mov	0x162bc40, (nil), 0x162b490
idiv	0x1630160, 0x1630170, 0x162bd50
mov	0x162bd50, (nil), 0x162b730
i_str	0x1630190, (nil), 0x162be70
conc	0x1630180, 0x162be70, 0x162bf60
mov	0x162bf60, (nil), 0x162bde0
conc	0x162bde0, 0x16301a0, 0x162c1e0
mov	0x162c1e0, (nil), 0x162bff0
mov	0x16301b0, (nil), 0x162b490
mov	0x16301c0, (nil), 0x162b490
